99.01.12 17:47 B D:\temp\htl2\DYNSRC.avi --> utopia.knoware.nl /usr/home/www/users/schluter/doc/tags DYNSRC.avi
99.01.12 17:47 B D:\temp\htl2\APPLET1.class --> utopia.knoware.nl /usr/home/www/users/schluter/doc/tags APPLET1.class
99.01.12 17:47 B D:\temp\htl2\AREA1.gif --> utopia.knoware.nl /usr/home/www/users/schluter/doc/tags AREA1.gif
99.01.12 17:48 B D:\temp\htl2\award2.gif --> utopia.knoware.nl /usr/home/www/users/schluter/doc/tags award2.gif
99.01.12 17:48 B D:\temp\htl2\background.gif --> utopia.knoware.nl /usr/home/www/users/schluter/doc/tags background.gif
99.01.12 17:48 B D:\temp\htl2\bookcover.gif --> utopia.knoware.nl /usr/home/www/users/schluter/doc/tags bookcover.gif
99.01.12 17:48 B D:\temp\htl2\bullet.gif --> utopia.knoware.nl /usr/home/www/users/schluter/doc/tags bullet.gif
99.01.12 17:48 B D:\temp\htl2\bullet2.gif --> utopia.knoware.nl /usr/home/www/users/schluter/doc/tags bullet2.gif
99.01.12 17:48 B D:\temp\htl2\css.gif --> utopia.knoware.nl /usr/home/www/users/schluter/doc/tags css.gif
99.01.12 17:48 B D:\temp\htl2\example_result.gif --> utopia.knoware.nl /usr/home/www/users/schluter/doc/tags example_result.gif
99.01.12 17:48 B D:\temp\htl2\example_source.gif --> utopia.knoware.nl /usr/home/www/users/schluter/doc/tags example_source.gif
99.01.12 17:48 B D:\temp\htl2\home.gif --> utopia.knoware.nl /usr/home/www/users/schluter/doc/tags home.gif
99.01.12 17:48 B D:\temp\htl2\home2.gif --> utopia.knoware.nl /usr/home/www/users/schluter/doc/tags home2.gif
99.01.12 17:48 B D:\temp\htl2\iIE.gif --> utopia.knoware.nl /usr/home/www/users/schluter/doc/tags iIE.gif
99.01.12 17:48 B D:\temp\htl2\iIE1.gif --> utopia.knoware.nl /usr/home/www/users/schluter/doc/tags iIE1.gif
99.01.12 17:48 B D:\temp\htl2\iIE2.gif --> utopia.knoware.nl /usr/home/www/users/schluter/doc/tags iIE2.gif
99.01.12 17:48 B D:\temp\htl2\IMG1.gif --> utopia.knoware.nl /usr/home/www/users/schluter/doc/tags IMG1.gif
99.01.12 17:48 B D:\temp\htl2\img2.gif --> utopia.knoware.nl /usr/home/www/users/schluter/doc/tags img2.gif
99.01.12 17:48 B D:\temp\htl2\iNS.gif --> utopia.knoware.nl /usr/home/www/users/schluter/doc/tags iNS.gif
99.01.12 17:48 B D:\temp\htl2\iNS1.gif --> utopia.knoware.nl /usr/home/www/users/schluter/doc/tags iNS1.gif
99.01.12 17:48 B D:\temp\htl2\iNS2.gif --> utopia.knoware.nl /usr/home/www/users/schluter/doc/tags iNS2.gif
99.01.12 17:48 B D:\temp\htl2\iTV.gif --> utopia.knoware.nl /usr/home/www/users/schluter/doc/tags iTV.gif
99.01.12 17:48 B D:\temp\htl2\iTV1.gif --> utopia.knoware.nl /usr/home/www/users/schluter/doc/tags iTV1.gif
99.01.12 17:48 B D:\temp\htl2\iTV2.gif --> utopia.knoware.nl /usr/home/www/users/schluter/doc/tags iTV2.gif
99.01.12 17:48 B D:\temp\htl2\iW3.gif --> utopia.knoware.nl /usr/home/www/users/schluter/doc/tags iW3.gif
99.01.12 17:48 B D:\temp\htl2\iW31.gif --> utopia.knoware.nl /usr/home/www/users/schluter/doc/tags iW31.gif
99.01.12 17:48 B D:\temp\htl2\iW32.gif --> utopia.knoware.nl /usr/home/www/users/schluter/doc/tags iW32.gif
99.01.12 17:48 B D:\temp\htl2\latin1.gif --> utopia.knoware.nl /usr/home/www/users/schluter/doc/tags latin1.gif
99.01.12 17:48 B D:\temp\htl2\line.gif --> utopia.knoware.nl /usr/home/www/users/schluter/doc/tags line.gif
99.01.12 17:48 B D:\temp\htl2\linkzLogo.gif --> utopia.knoware.nl /usr/home/www/users/schluter/doc/tags linkzLogo.gif
99.01.12 17:48 B D:\temp\htl2\logobottom.gif --> utopia.knoware.nl /usr/home/www/users/schluter/doc/tags logobottom.gif
99.01.12 17:48 B D:\temp\htl2\logotop.gif --> utopia.knoware.nl /usr/home/www/users/schluter/doc/tags logotop.gif
99.01.12 17:48 B D:\temp\htl2\mirrors.gif --> utopia.knoware.nl /usr/home/www/users/schluter/doc/tags mirrors.gif
99.01.12 17:48 B D:\temp\htl2\name.gif --> utopia.knoware.nl /usr/home/www/users/schluter/doc/tags name.gif
99.01.12 17:48 B D:\temp\htl2\nav_askme.gif --> utopia.knoware.nl /usr/home/www/users/schluter/doc/tags nav_askme.gif
99.01.12 17:48 B D:\temp\htl2\nav_askme_hi.gif --> utopia.knoware.nl /usr/home/www/users/schluter/doc/tags nav_askme_hi.gif
99.01.12 17:48 B D:\temp\htl2\nav_download.gif --> utopia.knoware.nl /usr/home/www/users/schluter/doc/tags nav_download.gif
99.01.12 17:48 B D:\temp\htl2\nav_download_hi.gif --> utopia.knoware.nl /usr/home/www/users/schluter/doc/tags nav_download_hi.gif
99.01.12 17:48 B D:\temp\htl2\nav_faq.gif --> utopia.knoware.nl /usr/home/www/users/schluter/doc/tags nav_faq.gif
99.01.12 17:48 B D:\temp\htl2\nav_faq_hi.gif --> utopia.knoware.nl /usr/home/www/users/schluter/doc/tags nav_faq_hi.gif
99.01.12 17:49 B D:\temp\htl2\nav_guestbook.gif --> utopia.knoware.nl /usr/home/www/users/schluter/doc/tags nav_guestbook.gif
99.01.12 17:49 B D:\temp\htl2\nav_guestbook_hi.gif --> utopia.knoware.nl /usr/home/www/users/schluter/doc/tags nav_guestbook_hi.gif
99.01.12 17:49 B D:\temp\htl2\nav_help.gif --> utopia.knoware.nl /usr/home/www/users/schluter/doc/tags nav_help.gif
99.01.12 17:49 B D:\temp\htl2\nav_help_hi.gif --> utopia.knoware.nl /usr/home/www/users/schluter/doc/tags nav_help_hi.gif
99.01.12 17:49 B D:\temp\htl2\nav_home.gif --> utopia.knoware.nl /usr/home/www/users/schluter/doc/tags nav_home.gif
99.01.12 17:49 B D:\temp\htl2\nav_home_hi.gif --> utopia.knoware.nl /usr/home/www/users/schluter/doc/tags nav_home_hi.gif
99.01.12 17:49 B D:\temp\htl2\nav_resources.gif --> utopia.knoware.nl /usr/home/www/users/schluter/doc/tags nav_resources.gif
99.01.12 17:49 B D:\temp\htl2\nav_resources_hi.gif --> utopia.knoware.nl /usr/home/www/users/schluter/doc/tags nav_resources_hi.gif
99.01.12 17:49 B D:\temp\htl2\nav_search.gif --> utopia.knoware.nl /usr/home/www/users/schluter/doc/tags nav_search.gif
99.01.12 17:49 B D:\temp\htl2\nav_search_hi.gif --> utopia.knoware.nl /usr/home/www/users/schluter/doc/tags nav_search_hi.gif
99.01.12 17:49 B D:\temp\htl2\nav_select.gif --> utopia.knoware.nl /usr/home/www/users/schluter/doc/tags nav_select.gif
99.01.12 17:49 B D:\temp\htl2\nav_select_hi.gif --> utopia.knoware.nl /usr/home/www/users/schluter/doc/tags nav_select_hi.gif
99.01.12 17:49 B D:\temp\htl2\outsite.gif --> utopia.knoware.nl /usr/home/www/users/schluter/doc/tags outsite.gif
99.01.12 17:49 B D:\temp\htl2\pixel.gif --> utopia.knoware.nl /usr/home/www/users/schluter/doc/tags pixel.gif
99.01.12 17:49 B D:\temp\htl2\robschluter.gif --> utopia.knoware.nl /usr/home/www/users/schluter/doc/tags robschluter.gif
99.01.12 17:49 B D:\temp\htl2\rslinkz_logo.gif --> utopia.knoware.nl /usr/home/www/users/schluter/doc/tags rslinkz_logo.gif
99.01.12 17:49 B D:\temp\htl2\submit.gif --> utopia.knoware.nl /usr/home/www/users/schluter/doc/tags submit.gif
99.01.12 17:49 B D:\temp\htl2\supportd.gif --> utopia.knoware.nl /usr/home/www/users/schluter/doc/tags supportd.gif
99.01.12 17:49 B D:\temp\htl2\supportn.gif --> utopia.knoware.nl /usr/home/www/users/schluter/doc/tags supportn.gif
99.01.12 17:49 B D:\temp\htl2\supporty.gif --> utopia.knoware.nl /usr/home/www/users/schluter/doc/tags supporty.gif
99.01.12 17:49 B D:\temp\htl2\title_small.gif --> utopia.knoware.nl /usr/home/www/users/schluter/doc/tags title_small.gif
99.01.12 17:49 B D:\temp\htl2\w3c_home.gif --> utopia.knoware.nl /usr/home/www/users/schluter/doc/tags w3c_home.gif
99.01.12 17:49 B D:\temp\htl2\bgsound.mid --> utopia.knoware.nl /usr/home/www/users/schluter/doc/tags bgsound.mid
99.01.12 17:49 B D:\temp\htl2\danger.wav --> utopia.knoware.nl /usr/home/www/users/schluter/doc/tags danger.wav
99.01.12 17:49 A D:\temp\htl2\addresource.html --> utopia.knoware.nl /usr/home/www/users/schluter/doc/tags addresource.html
99.01.12 17:49 A D:\temp\htl2\APPLET1.html --> utopia.knoware.nl /usr/home/www/users/schluter/doc/tags APPLET1.html
99.01.12 17:49 A D:\temp\htl2\AREA1.html --> utopia.knoware.nl /usr/home/www/users/schluter/doc/tags AREA1.html
99.01.12 17:50 A D:\temp\htl2\AREA2.html --> utopia.knoware.nl /usr/home/www/users/schluter/doc/tags AREA2.html
99.01.12 17:50 A D:\temp\htl2\AREA3.html --> utopia.knoware.nl /usr/home/www/users/schluter/doc/tags AREA3.html
99.01.12 17:50 A D:\temp\htl2\askme.html --> utopia.knoware.nl /usr/home/www/users/schluter/doc/tags askme.html
99.01.12 17:50 A D:\temp\htl2\askme_response.html --> utopia.knoware.nl /usr/home/www/users/schluter/doc/tags askme_response.html
99.01.12 17:50 A D:\temp\htl2\awards.html --> utopia.knoware.nl /usr/home/www/users/schluter/doc/tags awards.html
99.01.12 17:50 A D:\temp\htl2\bar_buttons.html --> utopia.knoware.nl /usr/home/www/users/schluter/doc/tags bar_buttons.html
99.01.12 17:50 A D:\temp\htl2\bar_logo.html --> utopia.knoware.nl /usr/home/www/users/schluter/doc/tags bar_logo.html
99.01.12 17:50 A D:\temp\htl2\bar_search.html --> utopia.knoware.nl /usr/home/www/users/schluter/doc/tags bar_search.html
99.01.12 17:50 A D:\temp\htl2\bar_selector.html --> utopia.knoware.nl /usr/home/www/users/schluter/doc/tags bar_selector.html
99.01.12 17:50 A D:\temp\htl2\BASE1.html --> utopia.knoware.nl /usr/home/www/users/schluter/doc/tags BASE1.html
99.01.12 17:50 A D:\temp\htl2\BASE2.html --> utopia.knoware.nl /usr/home/www/users/schluter/doc/tags BASE2.html
99.01.12 17:50 A D:\temp\htl2\BASEFONT1.html --> utopia.knoware.nl /usr/home/www/users/schluter/doc/tags BASEFONT1.html
99.01.12 17:50 A D:\temp\htl2\BGSOUND1.html --> utopia.knoware.nl /usr/home/www/users/schluter/doc/tags BGSOUND1.html
99.01.12 17:50 A D:\temp\htl2\BODY1.html --> utopia.knoware.nl /usr/home/www/users/schluter/doc/tags BODY1.html
99.01.12 17:50 A D:\temp\htl2\characters.html --> utopia.knoware.nl /usr/home/www/users/schluter/doc/tags characters.html
99.01.12 17:50 A D:\temp\htl2\checkrobsecret.html --> utopia.knoware.nl /usr/home/www/users/schluter/doc/tags checkrobsecret.html
99.01.12 17:50 A D:\temp\htl2\color.html --> utopia.knoware.nl /usr/home/www/users/schluter/doc/tags color.html
99.01.12 17:50 A D:\temp\htl2\colornames.html --> utopia.knoware.nl /usr/home/www/users/schluter/doc/tags colornames.html
99.01.12 17:50 A D:\temp\htl2\css.html --> utopia.knoware.nl /usr/home/www/users/schluter/doc/tags css.html
99.01.12 17:50 A D:\temp\htl2\download.html --> utopia.knoware.nl /usr/home/www/users/schluter/doc/tags download.html
99.01.12 17:50 A D:\temp\htl2\dummy.html --> utopia.knoware.nl /usr/home/www/users/schluter/doc/tags dummy.html
99.01.12 17:50 A D:\temp\htl2\faq.html --> utopia.knoware.nl /usr/home/www/users/schluter/doc/tags faq.html
99.01.12 17:50 A D:\temp\htl2\faq1.html --> utopia.knoware.nl /usr/home/www/users/schluter/doc/tags faq1.html
99.01.12 17:50 A D:\temp\htl2\faq10.html --> utopia.knoware.nl /usr/home/www/users/schluter/doc/tags faq10.html
99.01.12 17:50 A D:\temp\htl2\faq11.html --> utopia.knoware.nl /usr/home/www/users/schluter/doc/tags faq11.html
99.01.12 17:51 A D:\temp\htl2\faq12.html --> utopia.knoware.nl /usr/home/www/users/schluter/doc/tags faq12.html
99.01.12 17:51 A D:\temp\htl2\faq13.html --> utopia.knoware.nl /usr/home/www/users/schluter/doc/tags faq13.html
99.01.12 17:51 A D:\temp\htl2\faq13demo.html --> utopia.knoware.nl /usr/home/www/users/schluter/doc/tags faq13demo.html
99.01.12 17:51 A D:\temp\htl2\faq14.html --> utopia.knoware.nl /usr/home/www/users/schluter/doc/tags faq14.html
99.01.12 17:51 A D:\temp\htl2\faq2.html --> utopia.knoware.nl /usr/home/www/users/schluter/doc/tags faq2.html
99.01.12 17:51 A D:\temp\htl2\faq3.html --> utopia.knoware.nl /usr/home/www/users/schluter/doc/tags faq3.html
99.01.12 17:51 A D:\temp\htl2\faq4.html --> utopia.knoware.nl /usr/home/www/users/schluter/doc/tags faq4.html
99.01.12 17:51 A D:\temp\htl2\faq5.html --> utopia.knoware.nl /usr/home/www/users/schluter/doc/tags faq5.html
99.01.12 17:51 A D:\temp\htl2\faq6.html --> utopia.knoware.nl /usr/home/www/users/schluter/doc/tags faq6.html
99.01.12 17:51 A D:\temp\htl2\faq7.html --> utopia.knoware.nl /usr/home/www/users/schluter/doc/tags faq7.html
99.01.12 17:51 A D:\temp\htl2\faq7_script1.html --> utopia.knoware.nl /usr/home/www/users/schluter/doc/tags faq7_script1.html
99.01.12 17:51 A D:\temp\htl2\faq7_script2.html --> utopia.knoware.nl /usr/home/www/users/schluter/doc/tags faq7_script2.html
99.01.12 17:51 A D:\temp\htl2\faq8.html --> utopia.knoware.nl /usr/home/www/users/schluter/doc/tags faq8.html
99.01.12 17:51 A D:\temp\htl2\faq9.html --> utopia.knoware.nl /usr/home/www/users/schluter/doc/tags faq9.html
99.01.12 17:51 A D:\temp\htl2\FRAME1.html --> utopia.knoware.nl /usr/home/www/users/schluter/doc/tags FRAME1.html
99.01.12 17:51 A D:\temp\htl2\FRAME2.html --> utopia.knoware.nl /usr/home/www/users/schluter/doc/tags FRAME2.html
99.01.12 17:51 A D:\temp\htl2\FRAME3.html --> utopia.knoware.nl /usr/home/www/users/schluter/doc/tags FRAME3.html
99.01.12 17:51 A D:\temp\htl2\FRAME4.html --> utopia.knoware.nl /usr/home/www/users/schluter/doc/tags FRAME4.html
99.01.12 17:51 A D:\temp\htl2\FRAME5.html --> utopia.knoware.nl /usr/home/www/users/schluter/doc/tags FRAME5.html
99.01.12 17:51 A D:\temp\htl2\generic_attributes.html --> utopia.knoware.nl /usr/home/www/users/schluter/doc/tags generic_attributes.html
99.01.12 17:51 A D:\temp\htl2\help.html --> utopia.knoware.nl /usr/home/www/users/schluter/doc/tags help.html
99.01.12 17:51 A D:\temp\htl2\history.html --> utopia.knoware.nl /usr/home/www/users/schluter/doc/tags history.html
99.01.12 17:51 A D:\temp\htl2\IMG1.html --> utopia.knoware.nl /usr/home/www/users/schluter/doc/tags IMG1.html
99.01.12 17:51 A D:\temp\htl2\IMG2.html --> utopia.knoware.nl /usr/home/www/users/schluter/doc/tags IMG2.html
99.01.12 17:51 A D:\temp\htl2\IMG3.html --> utopia.knoware.nl /usr/home/www/users/schluter/doc/tags IMG3.html
99.01.12 17:51 A D:\temp\htl2\index.html --> utopia.knoware.nl /usr/home/www/users/schluter/doc/tags index.html
99.01.12 17:51 A D:\temp\htl2\index_old.html --> utopia.knoware.nl /usr/home/www/users/schluter/doc/tags index_old.html
99.01.12 17:51 A D:\temp\htl2\LAYER1.html --> utopia.knoware.nl /usr/home/www/users/schluter/doc/tags LAYER1.html
99.01.12 17:51 A D:\temp\htl2\LAYER2.html --> utopia.knoware.nl /usr/home/www/users/schluter/doc/tags LAYER2.html
99.01.12 17:51 A D:\temp\htl2\legal.html --> utopia.knoware.nl /usr/home/www/users/schluter/doc/tags legal.html
99.01.12 17:51 A D:\temp\htl2\LINK1.html --> utopia.knoware.nl /usr/home/www/users/schluter/doc/tags LINK1.html
99.01.12 17:51 A D:\temp\htl2\MAP1.html --> utopia.knoware.nl /usr/home/www/users/schluter/doc/tags MAP1.html
99.01.12 17:51 A D:\temp\htl2\MAP2.html --> utopia.knoware.nl /usr/home/www/users/schluter/doc/tags MAP2.html
99.01.12 17:51 A D:\temp\htl2\MAP3.html --> utopia.knoware.nl /usr/home/www/users/schluter/doc/tags MAP3.html
99.01.12 17:51 A D:\temp\htl2\META1.html --> utopia.knoware.nl /usr/home/www/users/schluter/doc/tags META1.html
99.01.12 17:51 A D:\temp\htl2\META2.html --> utopia.knoware.nl /usr/home/www/users/schluter/doc/tags META2.html
99.01.12 17:51 A D:\temp\htl2\NOFRAMES1.html --> utopia.knoware.nl /usr/home/www/users/schluter/doc/tags NOFRAMES1.html
99.01.12 17:51 A D:\temp\htl2\NOFRAMES2.html --> utopia.knoware.nl /usr/home/www/users/schluter/doc/tags NOFRAMES2.html
99.01.12 17:51 A D:\temp\htl2\palette.html --> utopia.knoware.nl /usr/home/www/users/schluter/doc/tags palette.html
99.01.12 17:51 A D:\temp\htl2\protected.html --> utopia.knoware.nl /usr/home/www/users/schluter/doc/tags protected.html
99.01.12 17:52 A D:\temp\htl2\quickref1.html --> utopia.knoware.nl /usr/home/www/users/schluter/doc/tags quickref1.html
99.01.12 17:52 A D:\temp\htl2\resources.html --> utopia.knoware.nl /usr/home/www/users/schluter/doc/tags resources.html
99.01.12 17:52 A D:\temp\htl2\resources_plain.html --> utopia.knoware.nl /usr/home/www/users/schluter/doc/tags resources_plain.html
99.01.12 17:52 A D:\temp\htl2\resources_rsLinkz.html --> utopia.knoware.nl /usr/home/www/users/schluter/doc/tags resources_rsLinkz.html
99.01.12 17:52 A D:\temp\htl2\search_help.html --> utopia.knoware.nl /usr/home/www/users/schluter/doc/tags search_help.html
99.01.12 17:52 A D:\temp\htl2\search_msg.html --> utopia.knoware.nl /usr/home/www/users/schluter/doc/tags search_msg.html
99.01.12 17:52 A D:\temp\htl2\start.html --> utopia.knoware.nl /usr/home/www/users/schluter/doc/tags start.html
99.01.12 17:52 A D:\temp\htl2\STYLE1.html --> utopia.knoware.nl /usr/home/www/users/schluter/doc/tags STYLE1.html
99.01.12 17:52 A D:\temp\htl2\TAG__COMMENT.html --> utopia.knoware.nl /usr/home/www/users/schluter/doc/tags TAG__COMMENT.html
99.01.12 17:52 A D:\temp\htl2\TAG__DOCTYPE.html --> utopia.knoware.nl /usr/home/www/users/schluter/doc/tags TAG__DOCTYPE.html
99.01.12 17:52 A D:\temp\htl2\TAG_A.html --> utopia.knoware.nl /usr/home/www/users/schluter/doc/tags TAG_A.html
99.01.12 17:52 A D:\temp\htl2\TAG_ABBR.html --> utopia.knoware.nl /usr/home/www/users/schluter/doc/tags TAG_ABBR.html
99.01.12 17:52 A D:\temp\htl2\TAG_ACRONYM.html --> utopia.knoware.nl /usr/home/www/users/schluter/doc/tags TAG_ACRONYM.html
99.01.12 17:52 A D:\temp\htl2\TAG_ADDRESS.html --> utopia.knoware.nl /usr/home/www/users/schluter/doc/tags TAG_ADDRESS.html
99.01.12 17:52 A D:\temp\htl2\TAG_APPLET.html --> utopia.knoware.nl /usr/home/www/users/schluter/doc/tags TAG_APPLET.html
99.01.12 17:52 A D:\temp\htl2\TAG_AREA.html --> utopia.knoware.nl /usr/home/www/users/schluter/doc/tags TAG_AREA.html
99.01.12 17:52 A D:\temp\htl2\TAG_AUDIOSCOPE.html --> utopia.knoware.nl /usr/home/www/users/schluter/doc/tags TAG_AUDIOSCOPE.html
99.01.12 17:52 A D:\temp\htl2\TAG_B.html --> utopia.knoware.nl /usr/home/www/users/schluter/doc/tags TAG_B.html
99.01.12 17:52 A D:\temp\htl2\TAG_BASE.html --> utopia.knoware.nl /usr/home/www/users/schluter/doc/tags TAG_BASE.html
99.01.12 17:53 A D:\temp\htl2\TAG_BASEFONT.html --> utopia.knoware.nl /usr/home/www/users/schluter/doc/tags TAG_BASEFONT.html
99.01.12 17:53 A D:\temp\htl2\TAG_BDO.html --> utopia.knoware.nl /usr/home/www/users/schluter/doc/tags TAG_BDO.html
99.01.12 17:53 A D:\temp\htl2\TAG_BGSOUND.html --> utopia.knoware.nl /usr/home/www/users/schluter/doc/tags TAG_BGSOUND.html
99.01.12 17:53 A D:\temp\htl2\TAG_BIG.html --> utopia.knoware.nl /usr/home/www/users/schluter/doc/tags TAG_BIG.html
99.01.12 17:53 A D:\temp\htl2\TAG_BLACKFACE.html --> utopia.knoware.nl /usr/home/www/users/schluter/doc/tags TAG_BLACKFACE.html
99.01.12 17:53 A D:\temp\htl2\TAG_BLINK.html --> utopia.knoware.nl /usr/home/www/users/schluter/doc/tags TAG_BLINK.html
99.01.12 17:53 A D:\temp\htl2\TAG_BLOCKQUOTE.html --> utopia.knoware.nl /usr/home/www/users/schluter/doc/tags TAG_BLOCKQUOTE.html
99.01.12 17:53 A D:\temp\htl2\TAG_BODY.html --> utopia.knoware.nl /usr/home/www/users/schluter/doc/tags TAG_BODY.html
99.01.12 17:53 A D:\temp\htl2\TAG_BQ.html --> utopia.knoware.nl /usr/home/www/users/schluter/doc/tags TAG_BQ.html
99.01.12 17:53 A D:\temp\htl2\TAG_BR.html --> utopia.knoware.nl /usr/home/www/users/schluter/doc/tags TAG_BR.html
99.01.12 17:53 A D:\temp\htl2\TAG_BUTTON.html --> utopia.knoware.nl /usr/home/www/users/schluter/doc/tags TAG_BUTTON.html
99.01.12 17:53 A D:\temp\htl2\TAG_CAPTION.html --> utopia.knoware.nl /usr/home/www/users/schluter/doc/tags TAG_CAPTION.html
99.01.12 17:53 A D:\temp\htl2\TAG_CENTER.html --> utopia.knoware.nl /usr/home/www/users/schluter/doc/tags TAG_CENTER.html
99.01.12 17:53 A D:\temp\htl2\TAG_CITE.html --> utopia.knoware.nl /usr/home/www/users/schluter/doc/tags TAG_CITE.html
99.01.12 17:53 A D:\temp\htl2\TAG_CODE.html --> utopia.knoware.nl /usr/home/www/users/schluter/doc/tags TAG_CODE.html
99.01.12 17:53 A D:\temp\htl2\TAG_COL.html --> utopia.knoware.nl /usr/home/www/users/schluter/doc/tags TAG_COL.html
99.01.12 17:53 A D:\temp\htl2\TAG_COLGROUP.html --> utopia.knoware.nl /usr/home/www/users/schluter/doc/tags TAG_COLGROUP.html
99.01.12 17:53 A D:\temp\htl2\TAG_COMMENT.html --> utopia.knoware.nl /usr/home/www/users/schluter/doc/tags TAG_COMMENT.html
99.01.12 17:53 A D:\temp\htl2\TAG_DD.html --> utopia.knoware.nl /usr/home/www/users/schluter/doc/tags TAG_DD.html
99.01.12 17:53 A D:\temp\htl2\TAG_DEL.html --> utopia.knoware.nl /usr/home/www/users/schluter/doc/tags TAG_DEL.html
99.01.12 17:53 A D:\temp\htl2\TAG_DFN.html --> utopia.knoware.nl /usr/home/www/users/schluter/doc/tags TAG_DFN.html
99.01.12 17:53 A D:\temp\htl2\TAG_DIR.html --> utopia.knoware.nl /usr/home/www/users/schluter/doc/tags TAG_DIR.html
99.01.12 17:53 A D:\temp\htl2\TAG_DIV.html --> utopia.knoware.nl /usr/home/www/users/schluter/doc/tags TAG_DIV.html
99.01.12 17:54 A D:\temp\htl2\TAG_DL.html --> utopia.knoware.nl /usr/home/www/users/schluter/doc/tags TAG_DL.html
99.01.12 17:54 A D:\temp\htl2\TAG_DT.html --> utopia.knoware.nl /usr/home/www/users/schluter/doc/tags TAG_DT.html
99.01.12 17:54 A D:\temp\htl2\TAG_EM.html --> utopia.knoware.nl /usr/home/www/users/schluter/doc/tags TAG_EM.html
99.01.12 17:54 A D:\temp\htl2\TAG_EMBED.html --> utopia.knoware.nl /usr/home/www/users/schluter/doc/tags TAG_EMBED.html
99.01.12 17:54 A D:\temp\htl2\TAG_FIELDSET.html --> utopia.knoware.nl /usr/home/www/users/schluter/doc/tags TAG_FIELDSET.html
99.01.12 17:54 A D:\temp\htl2\TAG_FN.html --> utopia.knoware.nl /usr/home/www/users/schluter/doc/tags TAG_FN.html
99.01.12 17:54 A D:\temp\htl2\TAG_FONT.html --> utopia.knoware.nl /usr/home/www/users/schluter/doc/tags TAG_FONT.html
99.01.12 17:54 A D:\temp\htl2\TAG_FORM.html --> utopia.knoware.nl /usr/home/www/users/schluter/doc/tags TAG_FORM.html
99.01.12 17:54 A D:\temp\htl2\TAG_FRAME.html --> utopia.knoware.nl /usr/home/www/users/schluter/doc/tags TAG_FRAME.html
99.01.12 17:54 A D:\temp\htl2\TAG_FRAMESET.html --> utopia.knoware.nl /usr/home/www/users/schluter/doc/tags TAG_FRAMESET.html
99.01.12 17:54 A D:\temp\htl2\TAG_H1.html --> utopia.knoware.nl /usr/home/www/users/schluter/doc/tags TAG_H1.html
99.01.12 17:54 A D:\temp\htl2\TAG_H2.html --> utopia.knoware.nl /usr/home/www/users/schluter/doc/tags TAG_H2.html
99.01.12 17:55 A D:\temp\htl2\TAG_H3.html --> utopia.knoware.nl /usr/home/www/users/schluter/doc/tags TAG_H3.html
99.01.12 17:55 A D:\temp\htl2\TAG_H4.html --> utopia.knoware.nl /usr/home/www/users/schluter/doc/tags TAG_H4.html
99.01.12 17:55 A D:\temp\htl2\TAG_H5.html --> utopia.knoware.nl /usr/home/www/users/schluter/doc/tags TAG_H5.html
99.01.12 17:55 A D:\temp\htl2\TAG_H6.html --> utopia.knoware.nl /usr/home/www/users/schluter/doc/tags TAG_H6.html
99.01.12 17:55 A D:\temp\htl2\TAG_HEAD.html --> utopia.knoware.nl /usr/home/www/users/schluter/doc/tags TAG_HEAD.html
99.01.12 17:55 A D:\temp\htl2\TAG_HR.html --> utopia.knoware.nl /usr/home/www/users/schluter/doc/tags TAG_HR.html
99.01.12 17:55 A D:\temp\htl2\TAG_HTML.html --> utopia.knoware.nl /usr/home/www/users/schluter/doc/tags TAG_HTML.html
99.01.12 17:55 A D:\temp\htl2\TAG_I.html --> utopia.knoware.nl /usr/home/www/users/schluter/doc/tags TAG_I.html
99.01.12 17:55 A D:\temp\htl2\TAG_IFRAME.html --> utopia.knoware.nl /usr/home/www/users/schluter/doc/tags TAG_IFRAME.html
99.01.12 17:55 A D:\temp\htl2\TAG_ILAYER.html --> utopia.knoware.nl /usr/home/www/users/schluter/doc/tags TAG_ILAYER.html
99.01.12 17:55 A D:\temp\htl2\TAG_IMG.html --> utopia.knoware.nl /usr/home/www/users/schluter/doc/tags TAG_IMG.html
99.01.12 17:55 A D:\temp\htl2\TAG_index.html --> utopia.knoware.nl /usr/home/www/users/schluter/doc/tags TAG_index.html
99.01.12 17:55 A D:\temp\htl2\TAG_index2.html --> utopia.knoware.nl /usr/home/www/users/schluter/doc/tags TAG_index2.html
99.01.12 17:55 A D:\temp\htl2\TAG_index_head.html --> utopia.knoware.nl /usr/home/www/users/schluter/doc/tags TAG_index_head.html
99.01.12 17:56 A D:\temp\htl2\TAG_INPUT.html --> utopia.knoware.nl /usr/home/www/users/schluter/doc/tags TAG_INPUT.html
99.01.12 17:56 A D:\temp\htl2\TAG_INS.html --> utopia.knoware.nl /usr/home/www/users/schluter/doc/tags TAG_INS.html
99.01.12 17:56 A D:\temp\htl2\TAG_ISINDEX.html --> utopia.knoware.nl /usr/home/www/users/schluter/doc/tags TAG_ISINDEX.html
99.01.12 17:56 A D:\temp\htl2\TAG_KBD.html --> utopia.knoware.nl /usr/home/www/users/schluter/doc/tags TAG_KBD.html
99.01.12 17:56 A D:\temp\htl2\TAG_KEYGEN.html --> utopia.knoware.nl /usr/home/www/users/schluter/doc/tags TAG_KEYGEN.html
99.01.12 17:56 A D:\temp\htl2\TAG_LABEL.html --> utopia.knoware.nl /usr/home/www/users/schluter/doc/tags TAG_LABEL.html
99.01.12 17:56 A D:\temp\htl2\TAG_LAYER.html --> utopia.knoware.nl /usr/home/www/users/schluter/doc/tags TAG_LAYER.html
99.01.12 17:56 A D:\temp\htl2\TAG_LEGEND.html --> utopia.knoware.nl /usr/home/www/users/schluter/doc/tags TAG_LEGEND.html
99.01.12 17:56 A D:\temp\htl2\TAG_LI.html --> utopia.knoware.nl /usr/home/www/users/schluter/doc/tags TAG_LI.html
99.01.12 17:56 A D:\temp\htl2\TAG_LIMITTEXT.html --> utopia.knoware.nl /usr/home/www/users/schluter/doc/tags TAG_LIMITTEXT.html
99.01.12 17:56 A D:\temp\htl2\TAG_LINK.html --> utopia.knoware.nl /usr/home/www/users/schluter/doc/tags TAG_LINK.html
99.01.12 17:56 A D:\temp\htl2\TAG_LISTING.html --> utopia.knoware.nl /usr/home/www/users/schluter/doc/tags TAG_LISTING.html
99.01.12 17:56 A D:\temp\htl2\TAG_MAP.html --> utopia.knoware.nl /usr/home/www/users/schluter/doc/tags TAG_MAP.html
99.01.12 17:56 A D:\temp\htl2\TAG_MARQUEE.html --> utopia.knoware.nl /usr/home/www/users/schluter/doc/tags TAG_MARQUEE.html
99.01.12 17:56 A D:\temp\htl2\TAG_MENU.html --> utopia.knoware.nl /usr/home/www/users/schluter/doc/tags TAG_MENU.html
99.01.12 17:56 A D:\temp\htl2\TAG_META.html --> utopia.knoware.nl /usr/home/www/users/schluter/doc/tags TAG_META.html
99.01.12 17:56 A D:\temp\htl2\TAG_MULTICOL.html --> utopia.knoware.nl /usr/home/www/users/schluter/doc/tags TAG_MULTICOL.html
99.01.12 17:56 A D:\temp\htl2\TAG_NOBR.html --> utopia.knoware.nl /usr/home/www/users/schluter/doc/tags TAG_NOBR.html
99.01.12 17:56 A D:\temp\htl2\TAG_NOEMBED.html --> utopia.knoware.nl /usr/home/www/users/schluter/doc/tags TAG_NOEMBED.html
99.01.12 17:56 A D:\temp\htl2\TAG_NOFRAMES.html --> utopia.knoware.nl /usr/home/www/users/schluter/doc/tags TAG_NOFRAMES.html
99.01.12 17:56 A D:\temp\htl2\TAG_NOSCRIPT.html --> utopia.knoware.nl /usr/home/www/users/schluter/doc/tags TAG_NOSCRIPT.html
99.01.12 17:56 A D:\temp\htl2\TAG_NOSMARTQUOTES.html --> utopia.knoware.nl /usr/home/www/users/schluter/doc/tags TAG_NOSMARTQUOTES.html
99.01.12 17:56 A D:\temp\htl2\TAG_OBJECT.html --> utopia.knoware.nl /usr/home/www/users/schluter/doc/tags TAG_OBJECT.html
99.01.12 17:56 A D:\temp\htl2\TAG_OL.html --> utopia.knoware.nl /usr/home/www/users/schluter/doc/tags TAG_OL.html
99.01.12 17:57 A D:\temp\htl2\TAG_OPTGROUP.html --> utopia.knoware.nl /usr/home/www/users/schluter/doc/tags TAG_OPTGROUP.html
99.01.12 17:57 A D:\temp\htl2\TAG_OPTION.html --> utopia.knoware.nl /usr/home/www/users/schluter/doc/tags TAG_OPTION.html
99.01.12 17:57 A D:\temp\htl2\TAG_P.html --> utopia.knoware.nl /usr/home/www/users/schluter/doc/tags TAG_P.html
99.01.12 17:57 A D:\temp\htl2\TAG_PARAM.html --> utopia.knoware.nl /usr/home/www/users/schluter/doc/tags TAG_PARAM.html
99.01.12 17:57 A D:\temp\htl2\TAG_PLAINTEXT.html --> utopia.knoware.nl /usr/home/www/users/schluter/doc/tags TAG_PLAINTEXT.html
99.01.12 17:57 A D:\temp\htl2\TAG_PRE.html --> utopia.knoware.nl /usr/home/www/users/schluter/doc/tags TAG_PRE.html
99.01.12 17:57 A D:\temp\htl2\TAG_Q.html --> utopia.knoware.nl /usr/home/www/users/schluter/doc/tags TAG_Q.html
99.01.12 17:57 A D:\temp\htl2\TAG_S.html --> utopia.knoware.nl /usr/home/www/users/schluter/doc/tags TAG_S.html
99.01.12 17:57 A D:\temp\htl2\TAG_SAMP.html --> utopia.knoware.nl /usr/home/www/users/schluter/doc/tags TAG_SAMP.html
99.01.12 17:57 A D:\temp\htl2\TAG_SCRIPT.html --> utopia.knoware.nl /usr/home/www/users/schluter/doc/tags TAG_SCRIPT.html
99.01.12 17:57 A D:\temp\htl2\TAG_SELECT.html --> utopia.knoware.nl /usr/home/www/users/schluter/doc/tags TAG_SELECT.html
99.01.12 17:57 A D:\temp\htl2\TAG_SERVER.html --> utopia.knoware.nl /usr/home/www/users/schluter/doc/tags TAG_SERVER.html
99.01.12 17:57 A D:\temp\htl2\TAG_SHADOW.html --> utopia.knoware.nl /usr/home/www/users/schluter/doc/tags TAG_SHADOW.html
99.01.12 17:57 A D:\temp\htl2\TAG_SIDEBAR.html --> utopia.knoware.nl /usr/home/www/users/schluter/doc/tags TAG_SIDEBAR.html
99.01.12 17:57 A D:\temp\htl2\TAG_SMALL.html --> utopia.knoware.nl /usr/home/www/users/schluter/doc/tags TAG_SMALL.html
99.01.12 17:57 A D:\temp\htl2\TAG_SPACER.html --> utopia.knoware.nl /usr/home/www/users/schluter/doc/tags TAG_SPACER.html
99.01.12 17:57 A D:\temp\htl2\TAG_SPAN.html --> utopia.knoware.nl /usr/home/www/users/schluter/doc/tags TAG_SPAN.html
99.01.12 17:57 A D:\temp\htl2\TAG_STRIKE.html --> utopia.knoware.nl /usr/home/www/users/schluter/doc/tags TAG_STRIKE.html
99.01.12 17:57 A D:\temp\htl2\TAG_STRONG.html --> utopia.knoware.nl /usr/home/www/users/schluter/doc/tags TAG_STRONG.html
99.01.12 17:57 A D:\temp\htl2\TAG_STYLE.html --> utopia.knoware.nl /usr/home/www/users/schluter/doc/tags TAG_STYLE.html
99.01.12 17:57 A D:\temp\htl2\TAG_SUB.html --> utopia.knoware.nl /usr/home/www/users/schluter/doc/tags TAG_SUB.html
99.01.12 17:57 A D:\temp\htl2\TAG_SUP.html --> utopia.knoware.nl /usr/home/www/users/schluter/doc/tags TAG_SUP.html
99.01.12 17:57 A D:\temp\htl2\TAG_TABLE.html --> utopia.knoware.nl /usr/home/www/users/schluter/doc/tags TAG_TABLE.html
99.01.12 17:57 A D:\temp\htl2\TAG_TBODY.html --> utopia.knoware.nl /usr/home/www/users/schluter/doc/tags TAG_TBODY.html
99.01.12 17:58 A D:\temp\htl2\TAG_TD.html --> utopia.knoware.nl /usr/home/www/users/schluter/doc/tags TAG_TD.html
99.01.12 17:58 A D:\temp\htl2\TAG_TEXTAREA.html --> utopia.knoware.nl /usr/home/www/users/schluter/doc/tags TAG_TEXTAREA.html
99.01.12 17:58 A D:\temp\htl2\TAG_TFOOT.html --> utopia.knoware.nl /usr/home/www/users/schluter/doc/tags TAG_TFOOT.html
99.01.12 17:58 A D:\temp\htl2\TAG_TH.html --> utopia.knoware.nl /usr/home/www/users/schluter/doc/tags TAG_TH.html
99.01.12 17:58 A D:\temp\htl2\TAG_THEAD.html --> utopia.knoware.nl /usr/home/www/users/schluter/doc/tags TAG_THEAD.html
99.01.12 17:58 A D:\temp\htl2\TAG_TITLE.html --> utopia.knoware.nl /usr/home/www/users/schluter/doc/tags TAG_TITLE.html
99.01.12 17:58 A D:\temp\htl2\TAG_TR.html --> utopia.knoware.nl /usr/home/www/users/schluter/doc/tags TAG_TR.html
99.01.12 17:58 A D:\temp\htl2\TAG_TT.html --> utopia.knoware.nl /usr/home/www/users/schluter/doc/tags TAG_TT.html
99.01.12 17:58 A D:\temp\htl2\TAG_U.html --> utopia.knoware.nl /usr/home/www/users/schluter/doc/tags TAG_U.html
99.01.12 17:58 A D:\temp\htl2\TAG_UL.html --> utopia.knoware.nl /usr/home/www/users/schluter/doc/tags TAG_UL.html
99.01.12 17:58 A D:\temp\htl2\TAG_VAR.html --> utopia.knoware.nl /usr/home/www/users/schluter/doc/tags TAG_VAR.html
99.01.12 17:58 A D:\temp\htl2\TAG_WBR.html --> utopia.knoware.nl /usr/home/www/users/schluter/doc/tags TAG_WBR.html
99.01.12 17:58 A D:\temp\htl2\TAG_XMP.html --> utopia.knoware.nl /usr/home/www/users/schluter/doc/tags TAG_XMP.html
99.01.12 17:58 A D:\temp\htl2\TITLE1.html --> utopia.knoware.nl /usr/home/www/users/schluter/doc/tags TITLE1.html
99.01.12 17:58 A D:\temp\htl2\tutorial_table.html --> utopia.knoware.nl /usr/home/www/users/schluter/doc/tags tutorial_table.html
99.01.12 17:58 A D:\temp\htl2\W3C_copyright.html --> utopia.knoware.nl /usr/home/www/users/schluter/doc/tags W3C_copyright.html
99.01.12 17:58 A D:\temp\htl2\search_keywords.js --> utopia.knoware.nl /usr/home/www/users/schluter/doc/tags search_keywords.js
99.01.12 17:58 A D:\temp\htl2\nsnav.pal --> utopia.knoware.nl /usr/home/www/users/schluter/doc/tags nsnav.pal
99.01.12 17:59 B D:\temp\htl2\IMG1.jpg --> utopia.knoware.nl /usr/home/www/users/schluter/doc/tags IMG1.jpg
99.01.12 17:59 A D:\temp\htl2\htl.css --> utopia.knoware.nl /usr/home/www/users/schluter/doc/tags htl.css
99.01.12 17:59 A D:\temp\htl2\LINK1.css --> utopia.knoware.nl /usr/home/www/users/schluter/doc/tags LINK1.css
